#
# There is insufficient memory for the Java Runtime Environment to continue.
# Native memory allocation (malloc) failed to allocate 557696 bytes for Chunk::new
# Possible reasons:
#   The system is out of physical RAM or swap space
#   In 32 bit mode, the process size limit was hit
# Possible solutions:
#   Reduce memory load on the system
#   Increase physical memory or swap space
#   Check if swap backing store is full
#   Use 64 bit Java on a 64 bit OS
#   Decrease Java heap size (-Xmx/-Xms)
#   Decrease number of Java threads
#   Decrease Java thread stack sizes (-Xss)
#   Set larger code cache with -XX:ReservedCodeCacheSize=
# This output file may be truncated or incomplete.
#
#  Out of Memory Error (allocation.cpp:390), pid=12572, tid=5856
#
# JRE version: Java(TM) SE Runtime Environment (8.0_74-b02) (build 1.8.0_74-b02)
# Java VM: Java HotSpot(TM) 64-Bit Server VM (25.74-b02 mixed mode windows-amd64 compressed oops)
# Failed to write core dump. Minidumps are not enabled by default on client versions of Windows
#

---------------  T H R E A D  ---------------

Current thread (0x000000001521a000):  JavaThread "C2 CompilerThread0" daemon [_thread_in_native, id=5856, stack(0x0000000016250000,0x0000000016350000)]

Stack: [0x0000000016250000,0x0000000016350000]
[error occurred during error reporting (printing stack bounds), id 0xc0000005]

Native frames: (J=compiled Java code, j=interpreted, Vv=VM code, C=native code)


Current CompileTask:
C2:   3756 1049   !   4       java.lang.ClassLoader::loadClass (122 bytes)


---------------  P R O C E S S  ---------------

Java Threads: ( => current thread )
  0x0000000015294800 JavaThread "Service Thread" daemon [_thread_blocked, id=4532, stack(0x0000000016450000,0x0000000016550000)]
  0x0000000015228000 JavaThread "C1 CompilerThread1" daemon [_thread_blocked, id=3888, stack(0x0000000016350000,0x0000000016450000)]
=>0x000000001521a000 JavaThread "C2 CompilerThread0" daemon [_thread_in_native, id=5856, stack(0x0000000016250000,0x0000000016350000)]
  0x0000000015219000 JavaThread "Attach Listener" daemon [_thread_blocked, id=13304, stack(0x0000000016150000,0x0000000016250000)]
  0x0000000015215800 JavaThread "Signal Dispatcher" daemon [_thread_blocked, id=12944, stack(0x0000000016050000,0x0000000016150000)]
  0x0000000015208800 JavaThread "Finalizer" daemon [_thread_blocked, id=12452, stack(0x0000000015e60000,0x0000000015f60000)]
  0x0000000002efd000 JavaThread "Reference Handler" daemon [_thread_blocked, id=8712, stack(0x0000000015d60000,0x0000000015e60000)]
  0x0000000002cbe000 JavaThread "main" [_thread_in_Java, id=11460, stack(0x0000000002cc0000,0x0000000002dc0000)]

Other Threads:
  0x00000000151e6800 VMThread [stack: 0x0000000015c60000,0x0000000015d60000] [id=12316]
  0x00000000152a1800 WatcherThread [stack: 0x0000000016550000,0x0000000016650000] [id=5868]

VM state:not at safepoint (normal execution)

VM Mutex/Monitor currently owned by a thread: None

Heap:
 PSYoungGen      total 18432K, used 16356K [0x00000000eb800000, 0x00000000ecc80000, 0x0000000100000000)
  eden space 15872K, 87% used [0x00000000eb800000,0x00000000ec57d640,0x00000000ec780000)
  from space 2560K, 99% used [0x00000000ec780000,0x00000000ec9fba40,0x00000000eca00000)
  to   space 2560K, 0% used [0x00000000eca00000,0x00000000eca00000,0x00000000ecc80000)
 ParOldGen       total 42496K, used 3040K [0x00000000c2800000, 0x00000000c5180000, 0x00000000eb800000)
  object space 42496K, 7% used [0x00000000c2800000,0x00000000c2af81b8,0x00000000c5180000)
 Metaspace       used 11640K, capacity 11798K, committed 12160K, reserved 1060864K
  class space    used 1479K, capacity 1542K, committed 1664K, reserved 1048576K

Card table byte_map: [0x00000000122d0000,0x00000000124c0000] byte_map_base: 0x0000000011cbc000

Marking Bits: (ParMarkBitMap*) 0x0000000065ac0600
 Begin Bits: [0x0000000012810000, 0x0000000013770000)
 End Bits:   [0x0000000013770000, 0x00000000146d0000)

Polling page: 0x00000000010f0000

CodeCache: size=245760Kb used=3909Kb max_used=3919Kb free=241850Kb
 bounds [0x0000000002f10000, 0x00000000032f0000, 0x0000000011f10000]
 total_blobs=1355 nmethods=1049 adapters=219
 compilation: enabled

Compilation events (10 events):
Event: 3.694 Thread 0x0000000015228000 nmethod 1044 0x00000000032dd050 code [0x00000000032dd1c0, 0x00000000032dd3a8]
Event: 3.696 Thread 0x0000000015228000 1045       1       java.lang.Class$MethodArray::length (5 bytes)
Event: 3.696 Thread 0x0000000015228000 nmethod 1045 0x00000000032dcd90 code [0x00000000032dcee0, 0x00000000032dcff0]
Event: 3.696 Thread 0x0000000015228000 1046       3       sun.misc.ProxyGenerator$ConstantPool::getFieldRef (33 bytes)
Event: 3.697 Thread 0x000000001521a000 1047       4       java.util.ArrayList$Itr::hasNext (20 bytes)
Event: 3.698 Thread 0x000000001521a000 nmethod 1047 0x00000000032dcb10 code [0x00000000032dcc40, 0x00000000032dccd8]
Event: 3.698 Thread 0x0000000015228000 nmethod 1046 0x00000000032e2c10 code [0x00000000032e2ea0, 0x00000000032e3c08]
Event: 3.700 Thread 0x000000001521a000 1048       4       java.util.ArrayList$Itr::next (66 bytes)
Event: 3.702 Thread 0x000000001521a000 nmethod 1048 0x00000000032e2850 code [0x00000000032e29a0, 0x00000000032e2ab8]
Event: 3.711 Thread 0x000000001521a000 1049   !   4       java.lang.ClassLoader::loadClass (122 bytes)

GC Heap History (6 events):
Event: 1.583 GC heap before
{Heap before GC invocations=1 (full 0):
 PSYoungGen      total 18432K, used 15872K [0x00000000eb800000, 0x00000000ecc80000, 0x0000000100000000)
  eden space 15872K, 100% used [0x00000000eb800000,0x00000000ec780000,0x00000000ec780000)
  from space 2560K, 0% used [0x00000000eca00000,0x00000000eca00000,0x00000000ecc80000)
  to   space 2560K, 0% used [0x00000000ec780000,0x00000000ec780000,0x00000000eca00000)
 ParOldGen       total 42496K, used 0K [0x00000000c2800000, 0x00000000c5180000, 0x00000000eb800000)
  object space 42496K, 0% used [0x00000000c2800000,0x00000000c2800000,0x00000000c5180000)
 Metaspace       used 7092K, capacity 7228K, committed 7424K, reserved 1056768K
  class space    used 860K, capacity 920K, committed 1024K, reserved 1048576K
Event: 1.595 GC heap after
Heap after GC invocations=1 (full 0):
 PSYoungGen      total 18432K, used 2559K [0x00000000eb800000, 0x00000000ecc80000, 0x0000000100000000)
  eden space 15872K, 0% used [0x00000000eb800000,0x00000000eb800000,0x00000000ec780000)
  from space 2560K, 99% used [0x00000000ec780000,0x00000000ec9ffff8,0x00000000eca00000)
  to   space 2560K, 0% used [0x00000000eca00000,0x00000000eca00000,0x00000000ecc80000)
 ParOldGen       total 42496K, used 1028K [0x00000000c2800000, 0x00000000c5180000, 0x00000000eb800000)
  object space 42496K, 2% used [0x00000000c2800000,0x00000000c2901258,0x00000000c5180000)
 Metaspace       used 7092K, capacity 7228K, committed 7424K, reserved 1056768K
  class space    used 860K, capacity 920K, committed 1024K, reserved 1048576K
}
Event: 2.295 GC heap before
{Heap before GC invocations=2 (full 0):
 PSYoungGen      total 18432K, used 18431K [0x00000000eb800000, 0x00000000ecc80000, 0x0000000100000000)
  eden space 15872K, 100% used [0x00000000eb800000,0x00000000ec780000,0x00000000ec780000)
  from space 2560K, 99% used [0x00000000ec780000,0x00000000ec9ffff8,0x00000000eca00000)
  to   space 2560K, 0% used [0x00000000eca00000,0x00000000eca00000,0x00000000ecc80000)
 ParOldGen       total 42496K, used 1028K [0x00000000c2800000, 0x00000000c5180000, 0x00000000eb800000)
  object space 42496K, 2% used [0x00000000c2800000,0x00000000c2901258,0x00000000c5180000)
 Metaspace       used 7876K, capacity 7996K, committed 8320K, reserved 1056768K
  class space    used 986K, capacity 1048K, committed 1152K, reserved 1048576K
Event: 2.303 GC heap after
Heap after GC invocations=2 (full 0):
 PSYoungGen      total 18432K, used 2473K [0x00000000eb800000, 0x00000000ecc80000, 0x0000000100000000)
  eden space 15872K, 0% used [0x00000000eb800000,0x00000000eb800000,0x00000000ec780000)
  from space 2560K, 96% used [0x00000000eca00000,0x00000000ecc6a748,0x00000000ecc80000)
  to   space 2560K, 0% used [0x00000000ec780000,0x00000000ec780000,0x00000000eca00000)
 ParOldGen       total 42496K, used 1036K [0x00000000c2800000, 0x00000000c5180000, 0x00000000eb800000)
  object space 42496K, 2% used [0x00000000c2800000,0x00000000c2903258,0x00000000c5180000)
 Metaspace       used 7876K, capacity 7996K, committed 8320K, reserved 1056768K
  class space    used 986K, capacity 1048K, committed 1152K, reserved 1048576K
}
Event: 3.000 GC heap before
{Heap before GC invocations=3 (full 0):
 PSYoungGen      total 18432K, used 18345K [0x00000000eb800000, 0x00000000ecc80000, 0x0000000100000000)
  eden space 15872K, 100% used [0x00000000eb800000,0x00000000ec780000,0x00000000ec780000)
  from space 2560K, 96% used [0x00000000eca00000,0x00000000ecc6a748,0x00000000ecc80000)
  to   space 2560K, 0% used [0x00000000ec780000,0x00000000ec780000,0x00000000eca00000)
 ParOldGen       total 42496K, used 1036K [0x00000000c2800000, 0x00000000c5180000, 0x00000000eb800000)
  object space 42496K, 2% used [0x00000000c2800000,0x00000000c2903258,0x00000000c5180000)
 Metaspace       used 9834K, capacity 9992K, committed 10368K, reserved 1058816K
  class space    used 1231K, capacity 1285K, committed 1408K, reserved 1048576K
Event: 3.011 GC heap after
Heap after GC invocations=3 (full 0):
 PSYoungGen      total 18432K, used 2542K [0x00000000eb800000, 0x00000000ecc80000, 0x0000000100000000)
  eden space 15872K, 0% used [0x00000000eb800000,0x00000000eb800000,0x00000000ec780000)
  from space 2560K, 99% used [0x00000000ec780000,0x00000000ec9fba40,0x00000000eca00000)
  to   space 2560K, 0% used [0x00000000eca00000,0x00000000eca00000,0x00000000ecc80000)
 ParOldGen       total 42496K, used 3040K [0x00000000c2800000, 0x00000000c5180000, 0x00000000eb800000)
  object space 42496K, 7% used [0x00000000c2800000,0x00000000c2af81b8,0x00000000c5180000)
 Metaspace       used 9834K, capacity 9992K, committed 10368K, reserved 1058816K
  class space    used 1231K, capacity 1285K, committed 1408K, reserved 1048576K
}

Deoptimization events (4 events):
Event: 1.684 Thread 0x0000000002cbe000 Uncommon trap: reason=range_check action=make_not_entrant pc=0x0000000003154460 method=sun.reflect.generics.parser.SignatureParser.current()C @ 34
Event: 1.709 Thread 0x0000000002cbe000 Uncommon trap: reason=unstable_if action=reinterpret pc=0x00000000030bea64 method=org.codehaus.plexus.util.xml.pull.MXParser.more()C @ 8
Event: 1.953 Thread 0x0000000002cbe000 Uncommon trap: reason=unstable_if action=reinterpret pc=0x0000000003192f14 method=org.codehaus.plexus.util.xml.pull.MXParser.nextImpl()I @ 961
Event: 2.088 Thread 0x0000000002cbe000 Uncommon trap: reason=unstable_if action=reinterpret pc=0x00000000031aa6b0 method=org.codehaus.plexus.util.xml.pull.MXParser.nextImpl()I @ 241

Internal exceptions (10 events):
Event: 1.676 Thread 0x0000000002cbe000 Exception <a 'java/lang/ArrayIndexOutOfBoundsException'> (0x00000000eb915ce0) thrown at [C:\re\workspace\8-2-build-windows-amd64-cygwin\jdk8u74\6087\hotspot\src\share\vm\runtime\sharedRuntime.cpp, line 605]
Event: 1.676 Thread 0x0000000002cbe000 Exception <a 'java/lang/ArrayIndexOutOfBoundsException'> (0x00000000eb916ab8) thrown at [C:\re\workspace\8-2-build-windows-amd64-cygwin\jdk8u74\6087\hotspot\src\share\vm\runtime\sharedRuntime.cpp, line 605]
Event: 1.677 Thread 0x0000000002cbe000 Exception <a 'java/lang/ArrayIndexOutOfBoundsException'> (0x00000000eb918940) thrown at [C:\re\workspace\8-2-build-windows-amd64-cygwin\jdk8u74\6087\hotspot\src\share\vm\runtime\sharedRuntime.cpp, line 605]
Event: 1.679 Thread 0x0000000002cbe000 Exception <a 'java/lang/ArrayIndexOutOfBoundsException'> (0x00000000eb919780) thrown at [C:\re\workspace\8-2-build-windows-amd64-cygwin\jdk8u74\6087\hotspot\src\share\vm\runtime\sharedRuntime.cpp, line 605]
Event: 1.681 Thread 0x0000000002cbe000 Exception <a 'java/lang/ArrayIndexOutOfBoundsException'> (0x00000000eb9212b0) thrown at [C:\re\workspace\8-2-build-windows-amd64-cygwin\jdk8u74\6087\hotspot\src\share\vm\runtime\sharedRuntime.cpp, line 605]
Event: 1.682 Thread 0x0000000002cbe000 Exception <a 'java/lang/ArrayIndexOutOfBoundsException'> (0x00000000eb922808) thrown at [C:\re\workspace\8-2-build-windows-amd64-cygwin\jdk8u74\6087\hotspot\src\share\vm\runtime\sharedRuntime.cpp, line 605]
Event: 1.682 Thread 0x0000000002cbe000 Exception <a 'java/lang/ArrayIndexOutOfBoundsException'> (0x00000000eb923eb0) thrown at [C:\re\workspace\8-2-build-windows-amd64-cygwin\jdk8u74\6087\hotspot\src\share\vm\runtime\sharedRuntime.cpp, line 605]
Event: 1.682 Thread 0x0000000002cbe000 Exception <a 'java/lang/ArrayIndexOutOfBoundsException'> (0x00000000eb9257f8) thrown at [C:\re\workspace\8-2-build-windows-amd64-cygwin\jdk8u74\6087\hotspot\src\share\vm\runtime\sharedRuntime.cpp, line 605]
Event: 1.684 Thread 0x0000000002cbe000 Exception <a 'java/lang/ArrayIndexOutOfBoundsException': 85> (0x00000000eb927580) thrown at [C:\re\workspace\8-2-build-windows-amd64-cygwin\jdk8u74\6087\hotspot\src\share\vm\interpreter\interpreterRuntime.cpp, line 366]
Event: 1.685 Thread 0x0000000002cbe000 Exception <a 'java/lang/ArrayIndexOutOfBoundsException': 112> (0x00000000eb928d30) thrown at [C:\re\workspace\8-2-build-windows-amd64-cygwin\jdk8u74\6087\hotspot\src\share\vm\interpreter\interpreterRuntime.cpp, line 366]

Events (10 events):
Event: 3.721 loading class com/google/inject/internal/ProviderToInternalFactoryAdapter
Event: 3.721 loading class com/google/inject/internal/ProviderToInternalFactoryAdapter done
Event: 3.738 loading class com/google/inject/internal/SingletonScope$1
Event: 3.738 loading class com/google/inject/internal/SingletonScope$1 done
Event: 3.743 loading class com/google/inject/internal/ConstructionContext
Event: 3.743 loading class com/google/inject/internal/ConstructionContext done
Event: 3.744 loading class com/google/inject/internal/CycleDetectingLock$CycleDetectingLockFactory$ReentrantCycleDetectingLock
Event: 3.744 loading class com/google/inject/internal/CycleDetectingLock$CycleDetectingLockFactory$ReentrantCycleDetectingLock done
Event: 3.745 loading class com/google/common/collect/ListMultimap
Event: 3.745 loading class com/google/common/collect/ListMultimap done


Dynamic libraries:
0x00007ff683ba0000 - 0x00007ff683bd7000 	C:\Program Files\Java\jdk1.8.0_74\bin\java.exe
0x00007ffd55600000 - 0x00007ffd557e1000 	C:\WINDOWS\SYSTEM32\ntdll.dll
0x00007ffd552a0000 - 0x00007ffd55351000 	C:\WINDOWS\System32\KERNEL32.DLL
0x00007ffd52590000 - 0x00007ffd52803000 	C:\WINDOWS\System32\KERNELBASE.dll
0x00007ffd54ae0000 - 0x00007ffd54b81000 	C:\WINDOWS\System32\ADVAPI32.dll
0x00007ffd52a90000 - 0x00007ffd52b2e000 	C:\WINDOWS\System32\msvcrt.dll
0x00007ffd53470000 - 0x00007ffd534cb000 	C:\WINDOWS\System32\sechost.dll
0x00007ffd55370000 - 0x00007ffd55494000 	C:\WINDOWS\System32\RPCRT4.dll
0x00007ffd534d0000 - 0x00007ffd53660000 	C:\WINDOWS\System32\USER32.dll
0x00007ffd52860000 - 0x00007ffd52880000 	C:\WINDOWS\System32\win32u.dll
0x00007ffd54b90000 - 0x00007ffd54bb8000 	C:\WINDOWS\System32\GDI32.dll
0x00007ffd52880000 - 0x00007ffd52a11000 	C:\WINDOWS\System32\gdi32full.dll
0x00007ffd51d30000 - 0x00007ffd51dcf000 	C:\WINDOWS\System32\msvcp_win.dll
0x00007ffd51c30000 - 0x00007ffd51d28000 	C:\WINDOWS\System32\ucrtbase.dll
0x00007ffd42e70000 - 0x00007ffd430d9000 	C:\WINDOWS\WinSxS\amd64_microsoft.windows.common-controls_6595b64144ccf1df_6.0.17134.1067_none_d401a3eb7c8ebdea\COMCTL32.dll
0x00007ffd52ca0000 - 0x00007ffd52fc1000 	C:\WINDOWS\System32\combase.dll
0x00007ffd51bb0000 - 0x00007ffd51c29000 	C:\WINDOWS\System32\bcryptPrimitives.dll
0x00007ffd54ab0000 - 0x00007ffd54add000 	C:\WINDOWS\System32\IMM32.DLL
0x0000000065d00000 - 0x0000000065dd2000 	C:\Program Files\Java\jdk1.8.0_74\jre\bin\msvcr100.dll
0x00000000652b0000 - 0x0000000065b40000 	C:\Program Files\Java\jdk1.8.0_74\jre\bin\server\jvm.dll
0x00007ffd53460000 - 0x00007ffd53468000 	C:\WINDOWS\System32\PSAPI.DLL
0x00007ffd3f9d0000 - 0x00007ffd3f9d9000 	C:\WINDOWS\SYSTEM32\WSOCK32.dll
0x00007ffd533f0000 - 0x00007ffd5345c000 	C:\WINDOWS\System32\WS2_32.dll
0x00007ffd4efa0000 - 0x00007ffd4efc3000 	C:\WINDOWS\SYSTEM32\WINMM.dll
0x00007ffd473c0000 - 0x00007ffd473ca000 	C:\WINDOWS\SYSTEM32\VERSION.dll
0x00007ffd4dca0000 - 0x00007ffd4dcca000 	C:\WINDOWS\SYSTEM32\WINMMBASE.dll
0x00007ffd52810000 - 0x00007ffd52859000 	C:\WINDOWS\System32\cfgmgr32.dll
0x0000000065f60000 - 0x0000000065f6f000 	C:\Program Files\Java\jdk1.8.0_74\jre\bin\verify.dll
0x0000000065ee0000 - 0x0000000065f09000 	C:\Program Files\Java\jdk1.8.0_74\jre\bin\java.dll
0x0000000065df0000 - 0x0000000065e06000 	C:\Program Files\Java\jdk1.8.0_74\jre\bin\zip.dll
0x00007ffd53660000 - 0x00007ffd54aa4000 	C:\WINDOWS\System32\SHELL32.dll
0x00007ffd55010000 - 0x00007ffd550b9000 	C:\WINDOWS\System32\shcore.dll
0x00007ffd51dd0000 - 0x00007ffd524e0000 	C:\WINDOWS\System32\windows.storage.dll
0x00007ffd52b30000 - 0x00007ffd52b81000 	C:\WINDOWS\System32\shlwapi.dll
0x00007ffd51910000 - 0x00007ffd51921000 	C:\WINDOWS\System32\kernel.appcore.dll
0x00007ffd51930000 - 0x00007ffd5194f000 	C:\WINDOWS\System32\profapi.dll
0x00007ffd51950000 - 0x00007ffd5199c000 	C:\WINDOWS\System32\powrprof.dll
0x00007ffd51900000 - 0x00007ffd5190a000 	C:\WINDOWS\System32\FLTLIB.DLL

VM Arguments:
jvm_args: -Dclassworlds.conf=C:\Program Files\NetBeans-11.3\netbeans\java\maven\bin\m2.conf -Dmaven.home=C:\Program Files\NetBeans-11.3\netbeans\java\maven -Dmaven.multiModuleProjectDirectory=C:\Users\Deepak\Documents\NetBeansProjects\s3bucket2 
java_command: org.codehaus.plexus.classworlds.launcher.Launcher -Dnetbeans.deploy=true -Dmaven.ext.class.path=C:\Program Files\NetBeans-11.3\netbeans\java\maven-nblib\netbeans-eventspy.jar -Dfile.encoding=UTF-8 package
java_class_path (initial): C:\Program Files\NetBeans-11.3\netbeans\java\maven\boot\plexus-classworlds-2.5.2.jar
Launcher Type: SUN_STANDARD

Environment Variables:
JAVA_HOME=C:\Program Files\Java\jdk1.8.0_74
JRE_HOME=C:\Program Files\Java\jre1.8.0_74
CLASSPATH=C:\Program Files\Java\jre1.8.0_74\lib\ext\mysql-connector.jar;.;
PATH=C:\ProgramData\Oracle\Java\javapath;C:\Program Files\Java\jdk1.8.0_74\bin;C:\Program Files\Git\cmd;c:\windows\system32;C:\Program Files\Java\jdk1.8.0_74\bin;C:\Program Files\heroku\bin;c:\windows\system32;C:\Users\Deepak\AppData\Local\GitHubDesktop\bin
USERNAME=Deepak
OS=Windows_NT
PROCESSOR_IDENTIFIER=Intel64 Family 6 Model 92 Stepping 9, GenuineIntel



---------------  S Y S T E M  ---------------

OS: Windows 10.0 , 64 bit Build 17134 (10.0.17134.753)

CPU:total 2 (2 cores per cpu, 1 threads per core) family 6 model 92 stepping 9, cmov, cx8, fxsr, mmx, sse, sse2, sse3, ssse3, sse4.1, sse4.2, popcnt, aes, clmul, erms, 3dnowpref, tsc, tscinvbit

Memory: 4k page, physical 4023148k(410520k free), swap 5802140k(4388k free)

vm_info: Java HotSpot(TM) 64-Bit Server VM (25.74-b02) for windows-amd64 JRE (1.8.0_74-b02), built on Jan 29 2016 17:42:36 by "java_re" with MS VC++ 10.0 (VS2010)

time: Tue Jun 16 22:35:13 2020
elapsed time: 3 seconds (0d 0h 0m 3s)

